# JRE version: OpenJDK Runtime Environment Temurin-17.0.15+6 (17.0.15+6) (build 17.0.15+6)
# Java VM: OpenJDK 64-Bit Server VM Temurin-17.0.15+6 (17.0.15+6, mixed mode, sharing, tiered, compressed oops, compressed class ptrs, g1 gc, windows-amd64)
GC Precious Log:
 CPUs: 12 total, 12 available
 Memory: 20117M
 Large Page Support: Disabled
 NUMA Support: Disabled
 Compressed Oops: Enabled (Zero based)
 Heap Region Size: 4M
 Heap Min Capacity: 8M
 Heap Initial Capacity: 316M
 Heap Max Capacity: 8G
 Pre-touch: Disabled
 Parallel Workers: 10
 Concurrent Workers: 3
 Concurrent Refinement Workers: 10
 Periodic GC: Disabled
Heap:
 garbage-first heap   total 290816K, used 200838K [0x0000000600000000, 0x0000000800000000)
  region size 4096K, 8 young (32768K), 2 survivors (8192K)
 Metaspace       used 147988K, committed 149056K, reserved 1179648K
  class space    used 19140K, committed 19648K, reserved 1048576K
GC Heap History (20 events):
Event: 18.293 GC heap before
{Heap before GC invocations=32 (full 0):
 garbage-first heap   total 290816K, used 222057K [0x0000000600000000, 0x0000000800000000)
  region size 4096K, 28 young (114688K), 3 survivors (12288K)
 Metaspace       used 134136K, committed 135040K, reserved 1179648K
  class space    used 17355K, committed 17792K, reserved 1048576K
}
Event: 18.307 GC heap after
{Heap after GC invocations=33 (full 0):
 garbage-first heap   total 290816K, used 136641K [0x0000000600000000, 0x0000000800000000)
  region size 4096K, 4 young (16384K), 4 survivors (16384K)
 Metaspace       used 134136K, committed 135040K, reserved 1179648K
  class space    used 17355K, committed 17792K, reserved 1048576K
}
Event: 18.857 GC heap before
{Heap before GC invocations=33 (full 0):
 garbage-first heap   total 290816K, used 222657K [0x0000000600000000, 0x0000000800000000)
  region size 4096K, 25 young (102400K), 4 survivors (16384K)
 Metaspace       used 134921K, committed 135744K, reserved 1179648K
  class space    used 17401K, committed 17792K, reserved 1048576K
}
Event: 18.870 GC heap after
{Heap after GC invocations=34 (full 0):
 garbage-first heap   total 290816K, used 148566K [0x0000000600000000, 0x0000000800000000)
  region size 4096K, 3 young (12288K), 3 survivors (12288K)
 Metaspace       used 134921K, committed 135744K, reserved 1179648K
  class space    used 17401K, committed 17792K, reserved 1048576K
}
Event: 20.184 GC heap before
{Heap before GC invocations=34 (full 0):
 garbage-first heap   total 290816K, used 226390K [0x0000000600000000, 0x0000000800000000)
  region size 4096K, 22 young (90112K), 3 survivors (12288K)
 Metaspace       used 139167K, committed 140096K, reserved 1179648K
  class space    used 17940K, committed 18368K, reserved 1048576K
}
Event: 20.193 GC heap after
{Heap after GC invocations=35 (full 0):
 garbage-first heap   total 290816K, used 147705K [0x0000000600000000, 0x0000000800000000)
  region size 4096K, 2 young (8192K), 2 survivors (8192K)
 Metaspace       used 139167K, committed 140096K, reserved 1179648K
  class space    used 17940K, committed 18368K, reserved 1048576K
}
Event: 21.371 GC heap before
{Heap before GC invocations=36 (full 0):
 garbage-first heap   total 290816K, used 221433K [0x0000000600000000, 0x0000000800000000)
  region size 4096K, 21 young (86016K), 2 survivors (8192K)
 Metaspace       used 144178K, committed 145152K, reserved 1179648K
  class space    used 18674K, committed 19136K, reserved 1048576K
}
Event: 21.381 GC heap after
{Heap after GC invocations=37 (full 0):
 garbage-first heap   total 290816K, used 155847K [0x0000000600000000, 0x0000000800000000)
  region size 4096K, 3 young (12288K), 3 survivors (12288K)
 Metaspace       used 144178K, committed 145152K, reserved 1179648K
  class space    used 18674K, committed 19136K, reserved 1048576K
}
Event: 21.980 GC heap before
{Heap before GC invocations=37 (full 0):
 garbage-first heap   total 290816K, used 159943K [0x0000000600000000, 0x0000000800000000)
  region size 4096K, 4 young (16384K), 3 survivors (12288K)
 Metaspace       used 145260K, committed 146304K, reserved 1179648K
  class space    used 18841K, committed 19328K, reserved 1048576K
}
Event: 21.985 GC heap after
{Heap after GC invocations=38 (full 0):
 garbage-first heap   total 290816K, used 153834K [0x0000000600000000, 0x0000000800000000)
  region size 4096K, 1 young (4096K), 1 survivors (4096K)
 Metaspace       used 145260K, committed 146304K, reserved 1179648K
  class space    used 18841K, committed 19328K, reserved 1048576K
}
Event: 49.929 GC heap before
{Heap before GC invocations=38 (full 0):
 garbage-first heap   total 290816K, used 227562K [0x0000000600000000, 0x0000000800000000)
  region size 4096K, 19 young (77824K), 1 survivors (4096K)
 Metaspace       used 147127K, committed 148160K, reserved 1179648K
  class space    used 19108K, committed 19584K, reserved 1048576K
}
Event: 49.935 GC heap after
{Heap after GC invocations=39 (full 0):
 garbage-first heap   total 290816K, used 156781K [0x0000000600000000, 0x0000000800000000)
  region size 4096K, 2 young (8192K), 2 survivors (8192K)
 Metaspace       used 147127K, committed 148160K, reserved 1179648K
  class space    used 19108K, committed 19584K, reserved 1048576K
}
Event: 50.488 GC heap before
{Heap before GC invocations=40 (full 0):
 garbage-first heap   total 290816K, used 238701K [0x0000000600000000, 0x0000000800000000)
  region size 4096K, 19 young (77824K), 2 survivors (8192K)
 Metaspace       used 147453K, committed 148544K, reserved 1179648K
  class space    used 19136K, committed 19648K, reserved 1048576K
}
Event: 50.497 GC heap after
{Heap after GC invocations=41 (full 0):
 garbage-first heap   total 290816K, used 172774K [0x0000000600000000, 0x0000000800000000)
  region size 4096K, 3 young (12288K), 3 survivors (12288K)
 Metaspace       used 147453K, committed 148544K, reserved 1179648K
  class space    used 19136K, committed 19648K, reserved 1048576K
}
Event: 50.557 GC heap before
{Heap before GC invocations=41 (full 0):
 garbage-first heap   total 290816K, used 176870K [0x0000000600000000, 0x0000000800000000)
  region size 4096K, 4 young (16384K), 3 survivors (12288K)
 Metaspace       used 147453K, committed 148544K, reserved 1179648K
  class space    used 19136K, committed 19648K, reserved 1048576K
}
Event: 50.571 GC heap after
{Heap after GC invocations=42 (full 0):
 garbage-first heap   total 290816K, used 156155K [0x0000000600000000, 0x0000000800000000)
  region size 4096K, 1 young (4096K), 1 survivors (4096K)
 Metaspace       used 147453K, committed 148544K, reserved 1179648K
  class space    used 19136K, committed 19648K, reserved 1048576K
}
Event: 50.925 GC heap before
{Heap before GC invocations=42 (full 0):
 garbage-first heap   total 290816K, used 233979K [0x0000000600000000, 0x0000000800000000)
  region size 4096K, 18 young (73728K), 1 survivors (4096K)
 Metaspace       used 147505K, committed 148608K, reserved 1179648K
  class space    used 19137K, committed 19648K, reserved 1048576K
}
Event: 50.936 GC heap after
{Heap after GC invocations=43 (full 0):
 garbage-first heap   total 290816K, used 174828K [0x0000000600000000, 0x0000000800000000)
  region size 4096K, 3 young (12288K), 3 survivors (12288K)
 Metaspace       used 147505K, committed 148608K, reserved 1179648K
  class space    used 19137K, committed 19648K, reserved 1048576K
}
Event: 51.246 GC heap before
{Heap before GC invocations=43 (full 0):
 garbage-first heap   total 290816K, used 228076K [0x0000000600000000, 0x0000000800000000)
  region size 4096K, 16 young (65536K), 3 survivors (12288K)
 Metaspace       used 147646K, committed 148736K, reserved 1179648K
  class space    used 19137K, committed 19648K, reserved 1048576K
}
Event: 51.255 GC heap after
{Heap after GC invocations=44 (full 0):
 garbage-first heap   total 290816K, used 180358K [0x0000000600000000, 0x0000000800000000)
  region size 4096K, 2 young (8192K), 2 survivors (8192K)
 Metaspace       used 147646K, committed 148736K, reserved 1179648K
  class space    used 19137K, committed 19648K, reserved 1048576K
}

