# JRE version: OpenJDK Runtime Environment Temurin-17.0.15+6 (17.0.15+6) (build 17.0.15+6)
# Java VM: OpenJDK 64-Bit Server VM Temurin-17.0.15+6 (17.0.15+6, mixed mode, sharing, tiered, compressed oops, compressed class ptrs, g1 gc, windows-amd64)
GC Precious Log:
 CPUs: 12 total, 12 available
 Memory: 20117M
 Large Page Support: Disabled
 NUMA Support: Disabled
 Compressed Oops: Enabled (Zero based)
 Heap Region Size: 4M
 Heap Min Capacity: 8M
 Heap Initial Capacity: 316M
 Heap Max Capacity: 5032M
 Pre-touch: Disabled
 Parallel Workers: 10
 Concurrent Workers: 3
 Concurrent Refinement Workers: 10
 Periodic GC: Disabled
Heap:
 garbage-first heap   total 180224K, used 108322K [0x00000006c5800000, 0x0000000800000000)
  region size 4096K, 7 young (28672K), 2 survivors (8192K)
 Metaspace       used 62317K, committed 62720K, reserved 1114112K
  class space    used 6911K, committed 7104K, reserved 1048576K
GC Heap History (20 events):
Event: 4.473 GC heap before
{Heap before GC invocations=6 (full 0):
 garbage-first heap   total 110592K, used 66333K [0x00000006c5800000, 0x0000000800000000)
  region size 4096K, 8 young (32768K), 1 survivors (4096K)
 Metaspace       used 35846K, committed 36096K, reserved 1114112K
  class space    used 4405K, committed 4480K, reserved 1048576K
}
Event: 4.480 GC heap after
{Heap after GC invocations=7 (full 0):
 garbage-first heap   total 110592K, used 47914K [0x00000006c5800000, 0x0000000800000000)
  region size 4096K, 1 young (4096K), 1 survivors (4096K)
 Metaspace       used 35846K, committed 36096K, reserved 1114112K
  class space    used 4405K, committed 4480K, reserved 1048576K
}
Event: 4.827 GC heap before
{Heap before GC invocations=8 (full 0):
 garbage-first heap   total 110592K, used 72490K [0x00000006c5800000, 0x0000000800000000)
  region size 4096K, 8 young (32768K), 1 survivors (4096K)
 Metaspace       used 38754K, committed 39040K, reserved 1114112K
  class space    used 4762K, committed 4864K, reserved 1048576K
}
Event: 4.834 GC heap after
{Heap after GC invocations=9 (full 0):
 garbage-first heap   total 110592K, used 53446K [0x00000006c5800000, 0x0000000800000000)
  region size 4096K, 1 young (4096K), 1 survivors (4096K)
 Metaspace       used 38754K, committed 39040K, reserved 1114112K
  class space    used 4762K, committed 4864K, reserved 1048576K
}
Event: 4.983 GC heap before
{Heap before GC invocations=9 (full 0):
 garbage-first heap   total 110592K, used 78022K [0x00000006c5800000, 0x0000000800000000)
  region size 4096K, 7 young (28672K), 1 survivors (4096K)
 Metaspace       used 40182K, committed 40512K, reserved 1114112K
  class space    used 4893K, committed 4992K, reserved 1048576K
}
Event: 4.991 GC heap after
{Heap after GC invocations=10 (full 0):
 garbage-first heap   total 180224K, used 55344K [0x00000006c5800000, 0x0000000800000000)
  region size 4096K, 1 young (4096K), 1 survivors (4096K)
 Metaspace       used 40182K, committed 40512K, reserved 1114112K
  class space    used 4893K, committed 4992K, reserved 1048576K
}
Event: 6.711 GC heap before
{Heap before GC invocations=11 (full 0):
 garbage-first heap   total 180224K, used 120880K [0x00000006c5800000, 0x0000000800000000)
  region size 4096K, 17 young (69632K), 1 survivors (4096K)
 Metaspace       used 49381K, committed 49728K, reserved 1114112K
  class space    used 5892K, committed 6080K, reserved 1048576K
}
Event: 6.723 GC heap after
{Heap after GC invocations=12 (full 0):
 garbage-first heap   total 180224K, used 64647K [0x00000006c5800000, 0x0000000800000000)
  region size 4096K, 3 young (12288K), 3 survivors (12288K)
 Metaspace       used 49381K, committed 49728K, reserved 1114112K
  class space    used 5892K, committed 6080K, reserved 1048576K
}
Event: 6.861 GC heap before
{Heap before GC invocations=12 (full 0):
 garbage-first heap   total 180224K, used 68743K [0x00000006c5800000, 0x0000000800000000)
  region size 4096K, 4 young (16384K), 3 survivors (12288K)
 Metaspace       used 49953K, committed 50304K, reserved 1114112K
  class space    used 5931K, committed 6144K, reserved 1048576K
}
Event: 6.867 GC heap after
{Heap after GC invocations=13 (full 0):
 garbage-first heap   total 180224K, used 63781K [0x00000006c5800000, 0x0000000800000000)
  region size 4096K, 1 young (4096K), 1 survivors (4096K)
 Metaspace       used 49953K, committed 50304K, reserved 1114112K
  class space    used 5931K, committed 6144K, reserved 1048576K
}
Event: 8.019 GC heap before
{Heap before GC invocations=13 (full 0):
 garbage-first heap   total 180224K, used 125221K [0x00000006c5800000, 0x0000000800000000)
  region size 4096K, 16 young (65536K), 1 survivors (4096K)
 Metaspace       used 53323K, committed 53696K, reserved 1114112K
  class space    used 6147K, committed 6336K, reserved 1048576K
}
Event: 8.027 GC heap after
{Heap after GC invocations=14 (full 0):
 garbage-first heap   total 180224K, used 71965K [0x00000006c5800000, 0x0000000800000000)
  region size 4096K, 2 young (8192K), 2 survivors (8192K)
 Metaspace       used 53323K, committed 53696K, reserved 1114112K
  class space    used 6147K, committed 6336K, reserved 1048576K
}
Event: 9.117 GC heap before
{Heap before GC invocations=14 (full 0):
 garbage-first heap   total 180224K, used 129309K [0x00000006c5800000, 0x0000000800000000)
  region size 4096K, 16 young (65536K), 2 survivors (8192K)
 Metaspace       used 54413K, committed 54784K, reserved 1114112K
  class space    used 6173K, committed 6336K, reserved 1048576K
}
Event: 9.127 GC heap after
{Heap after GC invocations=15 (full 0):
 garbage-first heap   total 180224K, used 79222K [0x00000006c5800000, 0x0000000800000000)
  region size 4096K, 2 young (8192K), 2 survivors (8192K)
 Metaspace       used 54413K, committed 54784K, reserved 1114112K
  class space    used 6173K, committed 6336K, reserved 1048576K
}
Event: 10.273 GC heap before
{Heap before GC invocations=15 (full 0):
 garbage-first heap   total 180224K, used 128374K [0x00000006c5800000, 0x0000000800000000)
  region size 4096K, 15 young (61440K), 2 survivors (8192K)
 Metaspace       used 55155K, committed 55552K, reserved 1114112K
  class space    used 6227K, committed 6400K, reserved 1048576K
}
Event: 10.284 GC heap after
{Heap after GC invocations=16 (full 0):
 garbage-first heap   total 180224K, used 85512K [0x00000006c5800000, 0x0000000800000000)
  region size 4096K, 2 young (8192K), 2 survivors (8192K)
 Metaspace       used 55155K, committed 55552K, reserved 1114112K
  class space    used 6227K, committed 6400K, reserved 1048576K
}
Event: 11.448 GC heap before
{Heap before GC invocations=16 (full 0):
 garbage-first heap   total 180224K, used 134664K [0x00000006c5800000, 0x0000000800000000)
  region size 4096K, 14 young (57344K), 2 survivors (8192K)
 Metaspace       used 55640K, committed 56064K, reserved 1114112K
  class space    used 6250K, committed 6464K, reserved 1048576K
}
Event: 11.458 GC heap after
{Heap after GC invocations=17 (full 0):
 garbage-first heap   total 180224K, used 89784K [0x00000006c5800000, 0x0000000800000000)
  region size 4096K, 1 young (4096K), 1 survivors (4096K)
 Metaspace       used 55640K, committed 56064K, reserved 1114112K
  class space    used 6250K, committed 6464K, reserved 1048576K
}
Event: 12.435 GC heap before
{Heap before GC invocations=18 (full 0):
 garbage-first heap   total 180224K, used 138936K [0x00000006c5800000, 0x0000000800000000)
  region size 4096K, 13 young (53248K), 1 survivors (4096K)
 Metaspace       used 58435K, committed 58816K, reserved 1114112K
  class space    used 6536K, committed 6720K, reserved 1048576K
}
Event: 12.442 GC heap after
{Heap after GC invocations=19 (full 0):
 garbage-first heap   total 180224K, used 91938K [0x00000006c5800000, 0x0000000800000000)
  region size 4096K, 2 young (8192K), 2 survivors (8192K)
 Metaspace       used 58435K, committed 58816K, reserved 1114112K
  class space    used 6536K, committed 6720K, reserved 1048576K
}

