# JRE version: OpenJDK Runtime Environment Temurin-17.0.15+6 (17.0.15+6) (build 17.0.15+6)
# Java VM: OpenJDK 64-Bit Server VM Temurin-17.0.15+6 (17.0.15+6, mixed mode, sharing, tiered, compressed oops, compressed class ptrs, g1 gc, windows-amd64)
GC Precious Log:
 CPUs: 12 total, 12 available
 Memory: 20117M
 Large Page Support: Disabled
 NUMA Support: Disabled
 Compressed Oops: Enabled (Zero based)
 Heap Region Size: 4M
 Heap Min Capacity: 8M
 Heap Initial Capacity: 316M
 Heap Max Capacity: 8G
 Pre-touch: Disabled
 Parallel Workers: 10
 Concurrent Workers: 3
 Concurrent Refinement Workers: 10
 Periodic GC: Disabled
Heap:
 garbage-first heap   total 204800K, used 143163K [0x0000000600000000, 0x0000000800000000)
  region size 4096K, 1 young (4096K), 1 survivors (4096K)
 Metaspace       used 103846K, committed 104832K, reserved 1179648K
  class space    used 14478K, committed 14976K, reserved 1048576K
GC Heap History (20 events):
Event: 39.396 GC heap after
{Heap after GC invocations=43 (full 0):
 garbage-first heap   total 196608K, used 122235K [0x0000000600000000, 0x0000000800000000)
  region size 4096K, 1 young (4096K), 1 survivors (4096K)
 Metaspace       used 91723K, committed 92672K, reserved 1179648K
  class space    used 12735K, committed 13184K, reserved 1048576K
}
Event: 40.227 GC heap before
{Heap before GC invocations=43 (full 0):
 garbage-first heap   total 196608K, used 155003K [0x0000000600000000, 0x0000000800000000)
  region size 4096K, 10 young (40960K), 1 survivors (4096K)
 Metaspace       used 94200K, committed 95168K, reserved 1179648K
  class space    used 13110K, committed 13568K, reserved 1048576K
}
Event: 40.230 GC heap after
{Heap after GC invocations=44 (full 0):
 garbage-first heap   total 196608K, used 122953K [0x0000000600000000, 0x0000000800000000)
  region size 4096K, 2 young (8192K), 2 survivors (8192K)
 Metaspace       used 94200K, committed 95168K, reserved 1179648K
  class space    used 13110K, committed 13568K, reserved 1048576K
}
Event: 40.746 GC heap before
{Heap before GC invocations=44 (full 0):
 garbage-first heap   total 196608K, used 159817K [0x0000000600000000, 0x0000000800000000)
  region size 4096K, 11 young (45056K), 2 survivors (8192K)
 Metaspace       used 96827K, committed 97728K, reserved 1179648K
  class space    used 13596K, committed 14016K, reserved 1048576K
}
Event: 40.750 GC heap after
{Heap after GC invocations=45 (full 0):
 garbage-first heap   total 196608K, used 124618K [0x0000000600000000, 0x0000000800000000)
  region size 4096K, 1 young (4096K), 1 survivors (4096K)
 Metaspace       used 96827K, committed 97728K, reserved 1179648K
  class space    used 13596K, committed 14016K, reserved 1048576K
}
Event: 41.180 GC heap before
{Heap before GC invocations=45 (full 0):
 garbage-first heap   total 196608K, used 157386K [0x0000000600000000, 0x0000000800000000)
  region size 4096K, 10 young (40960K), 1 survivors (4096K)
 Metaspace       used 99033K, committed 99904K, reserved 1179648K
  class space    used 13861K, committed 14272K, reserved 1048576K
}
Event: 41.183 GC heap after
{Heap after GC invocations=46 (full 0):
 garbage-first heap   total 196608K, used 125360K [0x0000000600000000, 0x0000000800000000)
  region size 4096K, 1 young (4096K), 1 survivors (4096K)
 Metaspace       used 99033K, committed 99904K, reserved 1179648K
  class space    used 13861K, committed 14272K, reserved 1048576K
}
Event: 41.550 GC heap before
{Heap before GC invocations=46 (full 0):
 garbage-first heap   total 196608K, used 162224K [0x0000000600000000, 0x0000000800000000)
  region size 4096K, 10 young (40960K), 1 survivors (4096K)
 Metaspace       used 101222K, committed 102208K, reserved 1179648K
  class space    used 14179K, committed 14656K, reserved 1048576K
}
Event: 41.554 GC heap after
{Heap after GC invocations=47 (full 0):
 garbage-first heap   total 196608K, used 126981K [0x0000000600000000, 0x0000000800000000)
  region size 4096K, 2 young (8192K), 2 survivors (8192K)
 Metaspace       used 101222K, committed 102208K, reserved 1179648K
  class space    used 14179K, committed 14656K, reserved 1048576K
}
Event: 42.234 GC heap before
{Heap before GC invocations=47 (full 0):
 garbage-first heap   total 196608K, used 163845K [0x0000000600000000, 0x0000000800000000)
  region size 4096K, 11 young (45056K), 2 survivors (8192K)
 Metaspace       used 102267K, committed 103232K, reserved 1179648K
  class space    used 14291K, committed 14784K, reserved 1048576K
}
Event: 42.240 GC heap after
{Heap after GC invocations=48 (full 0):
 garbage-first heap   total 196608K, used 130404K [0x0000000600000000, 0x0000000800000000)
  region size 4096K, 2 young (8192K), 2 survivors (8192K)
 Metaspace       used 102267K, committed 103232K, reserved 1179648K
  class space    used 14291K, committed 14784K, reserved 1048576K
}
Event: 42.349 GC heap before
{Heap before GC invocations=48 (full 0):
 garbage-first heap   total 196608K, used 167268K [0x0000000600000000, 0x0000000800000000)
  region size 4096K, 11 young (45056K), 2 survivors (8192K)
 Metaspace       used 102288K, committed 103296K, reserved 1179648K
  class space    used 14292K, committed 14784K, reserved 1048576K
}
Event: 42.355 GC heap after
{Heap after GC invocations=49 (full 0):
 garbage-first heap   total 196608K, used 133098K [0x0000000600000000, 0x0000000800000000)
  region size 4096K, 2 young (8192K), 2 survivors (8192K)
 Metaspace       used 102288K, committed 103296K, reserved 1179648K
  class space    used 14292K, committed 14784K, reserved 1048576K
}
Event: 42.440 GC heap before
{Heap before GC invocations=49 (full 0):
 garbage-first heap   total 196608K, used 165866K [0x0000000600000000, 0x0000000800000000)
  region size 4096K, 10 young (40960K), 2 survivors (8192K)
 Metaspace       used 102288K, committed 103296K, reserved 1179648K
  class space    used 14292K, committed 14784K, reserved 1048576K
}
Event: 42.445 GC heap after
{Heap after GC invocations=50 (full 0):
 garbage-first heap   total 196608K, used 134136K [0x0000000600000000, 0x0000000800000000)
  region size 4096K, 2 young (8192K), 2 survivors (8192K)
 Metaspace       used 102288K, committed 103296K, reserved 1179648K
  class space    used 14292K, committed 14784K, reserved 1048576K
}
Event: 42.513 GC heap before
{Heap before GC invocations=50 (full 0):
 garbage-first heap   total 196608K, used 158712K [0x0000000600000000, 0x0000000800000000)
  region size 4096K, 9 young (36864K), 2 survivors (8192K)
 Metaspace       used 102289K, committed 103296K, reserved 1179648K
  class space    used 14292K, committed 14784K, reserved 1048576K
}
Event: 42.517 GC heap after
{Heap after GC invocations=51 (full 0):
 garbage-first heap   total 196608K, used 134373K [0x0000000600000000, 0x0000000800000000)
  region size 4096K, 2 young (8192K), 2 survivors (8192K)
 Metaspace       used 102289K, committed 103296K, reserved 1179648K
  class space    used 14292K, committed 14784K, reserved 1048576K
}
Event: 42.698 GC heap before
{Heap before GC invocations=51 (full 0):
 garbage-first heap   total 196608K, used 163045K [0x0000000600000000, 0x0000000800000000)
  region size 4096K, 9 young (36864K), 2 survivors (8192K)
 Metaspace       used 103501K, committed 104512K, reserved 1179648K
  class space    used 14437K, committed 14912K, reserved 1048576K
}
Event: 42.701 GC heap after
{Heap after GC invocations=52 (full 0):
 garbage-first heap   total 196608K, used 135656K [0x0000000600000000, 0x0000000800000000)
  region size 4096K, 2 young (8192K), 2 survivors (8192K)
 Metaspace       used 103501K, committed 104512K, reserved 1179648K
  class space    used 14437K, committed 14912K, reserved 1048576K
}
Event: 42.981 GC heap before
{Heap before GC invocations=52 (full 0):
 garbage-first heap   total 196608K, used 156136K [0x0000000600000000, 0x0000000800000000)
  region size 4096K, 8 young (32768K), 2 survivors (8192K)
 Metaspace       used 103846K, committed 104832K, reserved 1179648K
  class space    used 14478K, committed 14976K, reserved 1048576K
}

